com.viv.Main.initializeLogger(Main.java:38) 2019-08-23 17:25:16,627 0 [main]  INFO (Main.java:38) - Logging initialized.
com.viv.Main.main(Main.java:22) 2019-08-23 17:25:16,944 317 [main]  WARN (Main.java:22) - Sample debug message
com.viv.Main.initializeLogger(Main.java:39) 2019-08-23 17:30:48,762 0 [main]  INFO (Main.java:39) - Logging initialized.
com.viv.calculator.Basic.add(Basic.java:8) 2019-08-23 17:30:48,765 3 [main]  WARN (Basic.java:8) - Adding 2 and 3
com.viv.Main 2019-08-23 17:36:48,606 0 [main]  INFO (Main.java:39) - Logging initialized.
com.viv.Main 2019-08-23 17:36:48,608 2 [main]  WARN (Basic.java:8) - Adding 2 and 3
com.viv.Main 2019-08-23 17:37:13,551 0 [main]  INFO (Main.java:39) - Logging initialized.
com.viv.Main 2019-08-23 17:37:13,554 3 [main]  WARN (Basic.java:8) - Adding 2 and 3
com.viv.Main 2019-08-23 17:37:23,293 0 [main]  INFO (Main.java:39) - Logging initialized.
com.viv.Main 2019-08-23 17:37:23,296 3 [main]  WARN (Basic.java:8) - Adding 2 and 3
[INFO ] 2019-08-23 17:39:38,556 com.viv.Main - Logging initialized.
[WARN ] 2019-08-23 17:39:38,559 com.viv.Main - Adding 2 and 3
[INFO ] 2019-08-23 17:40:09,928 com.viv.Main - Logging initialized.
[WARN ] 2019-08-23 17:40:09,930 com.viv.Main - Adding 2 and 3
[INFO ] 2019-08-23 17:49:22,750 com.viv.Main - Logging initialized.
[WARN ] 2019-08-23 17:49:22,752 com.viv.Main - Adding 2 and 3
[INFO ] 2019-08-23 17:51:53,267 com.viv.Main - Logging initialized.
[WARN ] 2019-08-23 17:51:53,574 com.viv.Main - Adding 2 and 3
[INFO ] 2019-08-23 17:52:20,336 com.viv.Main - Logging initialized.
[WARN ] 2019-08-23 17:52:20,639 com.viv.Main - Adding 2 and 3
[INFO ] 2019-08-23 17:53:28,697 com.viv.Main - Logging initialized.
[WARN ] 2019-08-23 17:53:28,994 com.viv.Main - Adding 2 and 3
[INFO ] 2019-08-23 17:55:12,850 com.viv.Main - Logging initialized.
[WARN ] 2019-08-23 17:55:13,199 com.viv.Main - Adding 2 and 3
[INFO ] 2019-08-23 17:55:39,025 com.viv.Main - Logging initialized.
[WARN ] 2019-08-23 17:55:39,330 com.viv.Main - Adding 2 and 3
[INFO ] 2019-08-23 17:56:48,328 com.viv.Main - Logging initialized.
[WARN ] 2019-08-23 17:56:48,652 com.viv.Main - Adding 2 and 3
[INFO ] 2019-08-23 18:00:04,245 com.viv.Main - Logging initialized.
[WARN ] 2019-08-23 18:00:04,542 com.viv.Main - Adding 2 and 3
[INFO ] 2019-08-23 18:00:35,873 com.viv.Main - Logging initialized.
[WARN ] 2019-08-23 18:00:36,190 com.viv.Main - Adding 2 and 3
[INFO ] 2019-08-23 18:01:45,020 com.viv.Main - Logging initialized.
[WARN ] 2019-08-23 18:01:45,347 com.viv.Main - Adding 2 and 3
[INFO ] 2019-08-24 13:28:35,579 com.viv.log.LoggerMain - Logging initialized.
[INFO ] 2019-08-24 13:29:18,143 com.viv.log.LoggerMain - Logging initialized.
[WARN ] 2019-08-24 13:29:18,592 com.viv.log.LoggerMain - Adding 2 and 3
[INFO ] 2019-08-24 13:48:43,447 com.viv.log.LoggerMain - Logging initialized.
[INFO ] 2019-08-24 13:49:12,216 com.viv.log.LoggerMain - Logging initialized.
[WARN ] 2019-08-24 13:49:13,627 com.viv.log.LoggerMain - Adding 2 and 3
[INFO ] 2019-08-24 13:49:43,285 com.viv.log.LoggerMain - Logging initialized.
[WARN ] 2019-08-24 13:49:44,393 com.viv.log.LoggerMain - Adding 2 and 3
[INFO ] 2019-08-24 13:50:15,245 com.viv.log.LoggerMain - Logging initialized.
[WARN ] 2019-08-24 13:50:16,465 com.viv.log.LoggerMain - Adding 2 and 3
